<?xml version="1.0" encoding="UTF-8"?>
<coverage generated="1676024178797" clover="3.2.0">
  <project timestamp="1676024178798" name="All files">
    <metrics statements="79" coveredstatements="75" conditionals="41" coveredconditionals="36" methods="20" coveredmethods="20" elements="140" coveredelements="131" complexity="0" loc="79" ncloc="79" packages="2" files="7" classes="7"/>
    <package name="src">
      <metrics statements="33" coveredstatements="32" conditionals="16" coveredconditionals="14" methods="7" coveredmethods="7"/>
      <file name="index.js" path="/root/frontend-project-46/src/index.js">
        <metrics statements="11" coveredstatements="11" conditionals="1" coveredconditionals="1" methods="2" coveredmethods="2"/>
        <line num="7" count="1" type="stmt"/>
        <line num="8" count="14" type="stmt"/>
        <line num="9" count="14" type="stmt"/>
        <line num="11" count="14" type="stmt"/>
        <line num="13" count="14" type="stmt"/>
        <line num="16" count="1" type="cond" truecount="1" falsecount="0"/>
        <line num="17" count="7" type="stmt"/>
        <line num="18" count="7" type="stmt"/>
        <line num="20" count="7" type="stmt"/>
        <line num="21" count="7" type="stmt"/>
        <line num="23" count="7" type="stmt"/>
      </file>
      <file name="parsers.js" path="/root/frontend-project-46/src/parsers.js">
        <metrics statements="5" coveredstatements="4" conditionals="5" coveredconditionals="3" methods="1" coveredmethods="1"/>
        <line num="3" count="1" type="stmt"/>
        <line num="4" count="14" type="cond" truecount="2" falsecount="1"/>
        <line num="6" count="8" type="stmt"/>
        <line num="8" count="6" type="stmt"/>
        <line num="10" count="0" type="stmt"/>
      </file>
      <file name="readFile.js" path="/root/frontend-project-46/src/readFile.js">
        <metrics statements="2" coveredstatements="2" conditionals="0" coveredconditionals="0" methods="2" coveredmethods="2"/>
        <line num="4" count="14" type="stmt"/>
        <line num="5" count="14" type="stmt"/>
      </file>
      <file name="treeDiff.js" path="/root/frontend-project-46/src/treeDiff.js">
        <metrics statements="15" coveredstatements="15" conditionals="10" coveredconditionals="10" methods="2" coveredmethods="2"/>
        <line num="3" count="1" type="stmt"/>
        <line num="4" count="35" type="stmt"/>
        <line num="5" count="35" type="stmt"/>
        <line num="7" count="35" type="stmt"/>
        <line num="8" count="35" type="stmt"/>
        <line num="10" count="35" type="stmt"/>
        <line num="11" count="126" type="cond" truecount="2" falsecount="0"/>
        <line num="12" count="35" type="stmt"/>
        <line num="14" count="91" type="cond" truecount="2" falsecount="0"/>
        <line num="15" count="14" type="stmt"/>
        <line num="17" count="77" type="cond" truecount="4" falsecount="0"/>
        <line num="18" count="28" type="stmt"/>
        <line num="20" count="49" type="cond" truecount="2" falsecount="0"/>
        <line num="21" count="28" type="stmt"/>
        <line num="25" count="21" type="stmt"/>
      </file>
    </package>
    <package name="src.formatters">
      <metrics statements="46" coveredstatements="43" conditionals="25" coveredconditionals="22" methods="13" coveredmethods="13"/>
      <file name="index.js" path="/root/frontend-project-46/src/formatters/index.js">
        <metrics statements="6" coveredstatements="5" conditionals="4" coveredconditionals="3" methods="1" coveredmethods="1"/>
        <line num="4" count="1" type="stmt"/>
        <line num="5" count="7" type="cond" truecount="3" falsecount="1"/>
        <line num="7" count="3" type="stmt"/>
        <line num="9" count="2" type="stmt"/>
        <line num="11" count="2" type="stmt"/>
        <line num="13" count="0" type="stmt"/>
      </file>
      <file name="plain.js" path="/root/frontend-project-46/src/formatters/plain.js">
        <metrics statements="18" coveredstatements="17" conditionals="10" coveredconditionals="9" methods="5" coveredmethods="5"/>
        <line num="3" count="1" type="stmt"/>
        <line num="4" count="26" type="cond" truecount="2" falsecount="0"/>
        <line num="5" count="6" type="stmt"/>
        <line num="7" count="20" type="cond" truecount="2" falsecount="0"/>
        <line num="8" count="14" type="stmt"/>
        <line num="10" count="6" type="stmt"/>
        <line num="13" count="30" type="stmt"/>
        <line num="14" count="1" type="stmt"/>
        <line num="15" count="10" type="stmt"/>
        <line num="18" count="36" type="stmt"/>
        <line num="20" count="36" type="cond" truecount="5" falsecount="1"/>
        <line num="22" count="10" type="stmt"/>
        <line num="24" count="4" type="stmt"/>
        <line num="26" count="8" type="stmt"/>
        <line num="28" count="6" type="stmt"/>
        <line num="30" count="8" type="stmt"/>
        <line num="32" count="0" type="stmt"/>
        <line num="35" count="2" type="stmt"/>
      </file>
      <file name="stringify.js" path="/root/frontend-project-46/src/formatters/stringify.js">
        <metrics statements="22" coveredstatements="21" conditionals="11" coveredconditionals="10" methods="7" coveredmethods="7"/>
        <line num="3" count="1" type="cond" truecount="3" falsecount="0"/>
        <line num="4" count="126" type="stmt"/>
        <line num="6" count="1" type="stmt"/>
        <line num="7" count="81" type="cond" truecount="2" falsecount="0"/>
        <line num="8" count="60" type="stmt"/>
        <line num="11" count="21" type="stmt"/>
        <line num="12" count="27" type="stmt"/>
        <line num="15" count="21" type="stmt"/>
        <line num="18" count="1" type="stmt"/>
        <line num="24" count="1" type="stmt"/>
        <line num="25" count="15" type="stmt"/>
        <line num="26" count="54" type="stmt"/>
        <line num="29" count="54" type="stmt"/>
        <line num="31" count="54" type="cond" truecount="5" falsecount="1"/>
        <line num="33" count="15" type="stmt"/>
        <line num="35" count="6" type="stmt"/>
        <line num="37" count="12" type="stmt"/>
        <line num="40" count="9" type="stmt"/>
        <line num="42" count="12" type="stmt"/>
        <line num="48" count="0" type="stmt"/>
        <line num="52" count="3" type="stmt"/>
        <line num="53" count="3" type="stmt"/>
      </file>
    </package>
  </project>
</coverage>
