<?xml version="1.0" encoding="UTF-8"?>
<coverage generated="1674823470132" clover="3.2.0">
  <project timestamp="1674823470133" name="All files">
    <metrics statements="44" coveredstatements="43" conditionals="21" coveredconditionals="20" methods="12" coveredmethods="12" elements="77" coveredelements="75" complexity="0" loc="44" ncloc="44" packages="1" files="4" classes="4"/>
    <file name="chowDiff.js" path="/root/frontend-project-46/src/chowDiff.js">
      <metrics statements="15" coveredstatements="15" conditionals="10" coveredconditionals="10" methods="2" coveredmethods="2"/>
      <line num="3" count="1" type="stmt"/>
      <line num="4" count="5" type="stmt"/>
      <line num="5" count="5" type="stmt"/>
      <line num="7" count="5" type="stmt"/>
      <line num="8" count="5" type="stmt"/>
      <line num="10" count="5" type="stmt"/>
      <line num="11" count="18" type="cond" truecount="2" falsecount="0"/>
      <line num="12" count="5" type="stmt"/>
      <line num="14" count="13" type="cond" truecount="2" falsecount="0"/>
      <line num="15" count="2" type="stmt"/>
      <line num="17" count="11" type="cond" truecount="4" falsecount="0"/>
      <line num="18" count="4" type="stmt"/>
      <line num="20" count="7" type="cond" truecount="2" falsecount="0"/>
      <line num="21" count="4" type="stmt"/>
      <line num="25" count="3" type="stmt"/>
    </file>
    <file name="index.js" path="/root/frontend-project-46/src/index.js">
      <metrics statements="6" coveredstatements="6" conditionals="0" coveredconditionals="0" methods="1" coveredmethods="1"/>
      <line num="7" count="1" type="stmt"/>
      <line num="8" count="1" type="stmt"/>
      <line num="9" count="1" type="stmt"/>
      <line num="11" count="1" type="stmt"/>
      <line num="12" count="1" type="stmt"/>
      <line num="14" count="1" type="stmt"/>
    </file>
    <file name="seeFile.js" path="/root/frontend-project-46/src/seeFile.js">
      <metrics statements="2" coveredstatements="2" conditionals="0" coveredconditionals="0" methods="2" coveredmethods="2"/>
      <line num="4" count="2" type="stmt"/>
      <line num="5" count="2" type="stmt"/>
    </file>
    <file name="stringify.js" path="/root/frontend-project-46/src/stringify.js">
      <metrics statements="21" coveredstatements="20" conditionals="11" coveredconditionals="10" methods="7" coveredmethods="7"/>
      <line num="3" count="1" type="cond" truecount="3" falsecount="0"/>
      <line num="4" count="42" type="stmt"/>
      <line num="6" count="1" type="stmt"/>
      <line num="7" count="27" type="cond" truecount="2" falsecount="0"/>
      <line num="8" count="20" type="stmt"/>
      <line num="11" count="7" type="stmt"/>
      <line num="12" count="9" type="stmt"/>
      <line num="15" count="7" type="stmt"/>
      <line num="18" count="1" type="stmt"/>
      <line num="19" count="5" type="stmt"/>
      <line num="20" count="18" type="stmt"/>
      <line num="22" count="18" type="stmt"/>
      <line num="28" count="18" type="cond" truecount="5" falsecount="1"/>
      <line num="30" count="5" type="stmt"/>
      <line num="32" count="2" type="stmt"/>
      <line num="34" count="4" type="stmt"/>
      <line num="37" count="3" type="stmt"/>
      <line num="39" count="4" type="stmt"/>
      <line num="45" count="0" type="stmt"/>
      <line num="49" count="1" type="stmt"/>
      <line num="50" count="1" type="stmt"/>
    </file>
  </project>
</coverage>
