{"/root/frontend-project-46/src/chowDiff.js": {"path":"/root/frontend-project-46/src/chowDiff.js","statementMap":{"0":{"start":{"line":3,"column":17},"end":{"line":27,"column":1}},"1":{"start":{"line":4,"column":15},"end":{"line":4,"column":32}},"2":{"start":{"line":5,"column":15},"end":{"line":5,"column":32}},"3":{"start":{"line":7,"column":19},"end":{"line":7,"column":38}},"4":{"start":{"line":8,"column":21},"end":{"line":8,"column":39}},"5":{"start":{"line":10,"column":2},"end":{"line":26,"column":5}},"6":{"start":{"line":11,"column":4},"end":{"line":13,"column":5}},"7":{"start":{"line":12,"column":6},"end":{"line":12,"column":62}},"8":{"start":{"line":14,"column":4},"end":{"line":16,"column":5}},"9":{"start":{"line":15,"column":6},"end":{"line":15,"column":64}},"10":{"start":{"line":17,"column":4},"end":{"line":19,"column":5}},"11":{"start":{"line":18,"column":6},"end":{"line":18,"column":87}},"12":{"start":{"line":20,"column":4},"end":{"line":24,"column":5}},"13":{"start":{"line":21,"column":6},"end":{"line":23,"column":8}},"14":{"start":{"line":25,"column":4},"end":{"line":25,"column":64}}},"fnMap":{"0":{"name":"(anonymous_0)","decl":{"start":{"line":3,"column":17},"end":{"line":3,"column":18}},"loc":{"start":{"line":3,"column":33},"end":{"line":27,"column":1}},"line":3},"1":{"name":"(anonymous_1)","decl":{"start":{"line":10,"column":24},"end":{"line":10,"column":25}},"loc":{"start":{"line":10,"column":33},"end":{"line":26,"column":3}},"line":10}},"branchMap":{"0":{"loc":{"start":{"line":11,"column":4},"end":{"line":13,"column":5}},"type":"if","locations":[{"start":{"line":11,"column":4},"end":{"line":13,"column":5}},{"start":{},"end":{}}],"line":11},"1":{"loc":{"start":{"line":14,"column":4},"end":{"line":16,"column":5}},"type":"if","locations":[{"start":{"line":14,"column":4},"end":{"line":16,"column":5}},{"start":{},"end":{}}],"line":14},"2":{"loc":{"start":{"line":17,"column":4},"end":{"line":19,"column":5}},"type":"if","locations":[{"start":{"line":17,"column":4},"end":{"line":19,"column":5}},{"start":{},"end":{}}],"line":17},"3":{"loc":{"start":{"line":17,"column":8},"end":{"line":17,"column":54}},"type":"binary-expr","locations":[{"start":{"line":17,"column":8},"end":{"line":17,"column":29}},{"start":{"line":17,"column":33},"end":{"line":17,"column":54}}],"line":17},"4":{"loc":{"start":{"line":20,"column":4},"end":{"line":24,"column":5}},"type":"if","locations":[{"start":{"line":20,"column":4},"end":{"line":24,"column":5}},{"start":{},"end":{}}],"line":20}},"s":{"0":1,"1":5,"2":5,"3":5,"4":5,"5":5,"6":18,"7":5,"8":13,"9":2,"10":11,"11":4,"12":7,"13":4,"14":3},"f":{"0":5,"1":18},"b":{"0":[5,13],"1":[2,11],"2":[4,7],"3":[11,5],"4":[4,3]},"_coverageSchema":"1a1c01bbd47fc00a2c39e90264f33305004495a9","hash":"6d81296675827081df93a06d1f82440edc19e157"}
,"/root/frontend-project-46/src/index.js": {"path":"/root/frontend-project-46/src/index.js","statementMap":{"0":{"start":{"line":7,"column":16},"end":{"line":15,"column":1}},"1":{"start":{"line":8,"column":19},"end":{"line":8,"column":38}},"2":{"start":{"line":9,"column":19},"end":{"line":9,"column":38}},"3":{"start":{"line":11,"column":21},"end":{"line":11,"column":49}},"4":{"start":{"line":12,"column":17},"end":{"line":12,"column":36}},"5":{"start":{"line":14,"column":2},"end":{"line":14,"column":16}}},"fnMap":{"0":{"name":"(anonymous_0)","decl":{"start":{"line":7,"column":16},"end":{"line":7,"column":17}},"loc":{"start":{"line":7,"column":42},"end":{"line":15,"column":1}},"line":7}},"branchMap":{},"s":{"0":1,"1":1,"2":1,"3":1,"4":1,"5":1},"f":{"0":1},"b":{},"_coverageSchema":"1a1c01bbd47fc00a2c39e90264f33305004495a9","hash":"49730e490b04bd92b26980cb383942ad6b437200"}
,"/root/frontend-project-46/src/seeFile.js": {"path":"/root/frontend-project-46/src/seeFile.js","statementMap":{"0":{"start":{"line":4,"column":20},"end":{"line":4,"column":71}},"1":{"start":{"line":4,"column":34},"end":{"line":4,"column":71}},"2":{"start":{"line":5,"column":17},"end":{"line":5,"column":90}},"3":{"start":{"line":5,"column":31},"end":{"line":5,"column":90}}},"fnMap":{"0":{"name":"(anonymous_0)","decl":{"start":{"line":4,"column":20},"end":{"line":4,"column":21}},"loc":{"start":{"line":4,"column":34},"end":{"line":4,"column":71}},"line":4},"1":{"name":"(anonymous_1)","decl":{"start":{"line":5,"column":17},"end":{"line":5,"column":18}},"loc":{"start":{"line":5,"column":31},"end":{"line":5,"column":90}},"line":5}},"branchMap":{},"s":{"0":1,"1":2,"2":1,"3":2},"f":{"0":2,"1":2},"b":{},"_coverageSchema":"1a1c01bbd47fc00a2c39e90264f33305004495a9","hash":"70687fff0a3fbd0c8df84884ef41df7af32bcc1d"}
,"/root/frontend-project-46/src/stringify.js": {"path":"/root/frontend-project-46/src/stringify.js","statementMap":{"0":{"start":{"line":3,"column":15},"end":{"line":4,"column":56}},"1":{"start":{"line":4,"column":2},"end":{"line":4,"column":55}},"2":{"start":{"line":6,"column":18},"end":{"line":16,"column":1}},"3":{"start":{"line":7,"column":2},"end":{"line":9,"column":3}},"4":{"start":{"line":8,"column":4},"end":{"line":8,"column":21}},"5":{"start":{"line":11,"column":19},"end":{"line":13,"column":3}},"6":{"start":{"line":12,"column":22},"end":{"line":12,"column":84}},"7":{"start":{"line":15,"column":2},"end":{"line":15,"column":62}},"8":{"start":{"line":18,"column":16},"end":{"line":51,"column":1}},"9":{"start":{"line":19,"column":15},"end":{"line":47,"column":4}},"10":{"start":{"line":19,"column":32},"end":{"line":47,"column":4}},"11":{"start":{"line":20,"column":21},"end":{"line":20,"column":104}},"12":{"start":{"line":20,"column":38},"end":{"line":20,"column":104}},"13":{"start":{"line":22,"column":17},"end":{"line":26,"column":5}},"14":{"start":{"line":28,"column":4},"end":{"line":46,"column":5}},"15":{"start":{"line":30,"column":8},"end":{"line":30,"column":48}},"16":{"start":{"line":32,"column":8},"end":{"line":32,"column":50}},"17":{"start":{"line":34,"column":8},"end":{"line":35,"column":63}},"18":{"start":{"line":37,"column":8},"end":{"line":37,"column":52}},"19":{"start":{"line":39,"column":8},"end":{"line":43,"column":23}},"20":{"start":{"line":45,"column":8},"end":{"line":45,"column":57}},"21":{"start":{"line":49,"column":22},"end":{"line":49,"column":35}},"22":{"start":{"line":50,"column":2},"end":{"line":50,"column":47}}},"fnMap":{"0":{"name":"(anonymous_0)","decl":{"start":{"line":3,"column":15},"end":{"line":3,"column":16}},"loc":{"start":{"line":4,"column":2},"end":{"line":4,"column":55}},"line":4},"1":{"name":"(anonymous_1)","decl":{"start":{"line":6,"column":18},"end":{"line":6,"column":19}},"loc":{"start":{"line":6,"column":35},"end":{"line":16,"column":1}},"line":6},"2":{"name":"(anonymous_2)","decl":{"start":{"line":12,"column":4},"end":{"line":12,"column":5}},"loc":{"start":{"line":12,"column":22},"end":{"line":12,"column":84}},"line":12},"3":{"name":"(anonymous_3)","decl":{"start":{"line":18,"column":16},"end":{"line":18,"column":17}},"loc":{"start":{"line":18,"column":26},"end":{"line":51,"column":1}},"line":18},"4":{"name":"(anonymous_4)","decl":{"start":{"line":19,"column":15},"end":{"line":19,"column":16}},"loc":{"start":{"line":19,"column":32},"end":{"line":47,"column":4}},"line":19},"5":{"name":"(anonymous_5)","decl":{"start":{"line":19,"column":41},"end":{"line":19,"column":42}},"loc":{"start":{"line":19,"column":51},"end":{"line":47,"column":3}},"line":19},"6":{"name":"(anonymous_6)","decl":{"start":{"line":20,"column":21},"end":{"line":20,"column":22}},"loc":{"start":{"line":20,"column":38},"end":{"line":20,"column":104}},"line":20}},"branchMap":{"0":{"loc":{"start":{"line":3,"column":23},"end":{"line":3,"column":37}},"type":"default-arg","locations":[{"start":{"line":3,"column":34},"end":{"line":3,"column":37}}],"line":3},"1":{"loc":{"start":{"line":3,"column":39},"end":{"line":3,"column":53}},"type":"default-arg","locations":[{"start":{"line":3,"column":52},"end":{"line":3,"column":53}}],"line":3},"2":{"loc":{"start":{"line":3,"column":55},"end":{"line":3,"column":69}},"type":"default-arg","locations":[{"start":{"line":3,"column":68},"end":{"line":3,"column":69}}],"line":3},"3":{"loc":{"start":{"line":7,"column":2},"end":{"line":9,"column":3}},"type":"if","locations":[{"start":{"line":7,"column":2},"end":{"line":9,"column":3}},{"start":{},"end":{}}],"line":7},"4":{"loc":{"start":{"line":28,"column":4},"end":{"line":46,"column":5}},"type":"switch","locations":[{"start":{"line":29,"column":6},"end":{"line":30,"column":48}},{"start":{"line":31,"column":6},"end":{"line":32,"column":50}},{"start":{"line":33,"column":6},"end":{"line":35,"column":63}},{"start":{"line":36,"column":6},"end":{"line":37,"column":52}},{"start":{"line":38,"column":6},"end":{"line":43,"column":23}},{"start":{"line":44,"column":6},"end":{"line":45,"column":57}}],"line":28}},"s":{"0":1,"1":42,"2":1,"3":27,"4":20,"5":7,"6":9,"7":7,"8":1,"9":1,"10":5,"11":18,"12":18,"13":18,"14":18,"15":5,"16":2,"17":4,"18":3,"19":4,"20":0,"21":1,"22":1},"f":{"0":42,"1":27,"2":9,"3":1,"4":5,"5":18,"6":18},"b":{"0":[42],"1":[42],"2":[42],"3":[20,7],"4":[5,2,4,3,4,0]},"_coverageSchema":"1a1c01bbd47fc00a2c39e90264f33305004495a9","hash":"4ef0e597913801dccc5ac9a467b017dff74655e5"}
}
