{"/root/frontend-project-46/src/index.js": {"path":"/root/frontend-project-46/src/index.js","statementMap":{"0":{"start":{"line":7,"column":20},"end":{"line":14,"column":1}},"1":{"start":{"line":8,"column":19},"end":{"line":8,"column":37}},"2":{"start":{"line":9,"column":21},"end":{"line":9,"column":52}},"3":{"start":{"line":11,"column":21},"end":{"line":11,"column":48}},"4":{"start":{"line":13,"column":2},"end":{"line":13,"column":20}},"5":{"start":{"line":16,"column":16},"end":{"line":24,"column":1}},"6":{"start":{"line":17,"column":19},"end":{"line":17,"column":41}},"7":{"start":{"line":18,"column":19},"end":{"line":18,"column":41}},"8":{"start":{"line":20,"column":21},"end":{"line":20,"column":49}},"9":{"start":{"line":21,"column":17},"end":{"line":21,"column":49}},"10":{"start":{"line":23,"column":2},"end":{"line":23,"column":16}}},"fnMap":{"0":{"name":"(anonymous_0)","decl":{"start":{"line":7,"column":20},"end":{"line":7,"column":21}},"loc":{"start":{"line":7,"column":34},"end":{"line":14,"column":1}},"line":7},"1":{"name":"(anonymous_1)","decl":{"start":{"line":16,"column":16},"end":{"line":16,"column":17}},"loc":{"start":{"line":16,"column":66},"end":{"line":24,"column":1}},"line":16}},"branchMap":{"0":{"loc":{"start":{"line":16,"column":39},"end":{"line":16,"column":61}},"type":"default-arg","locations":[{"start":{"line":16,"column":52},"end":{"line":16,"column":61}}],"line":16}},"s":{"0":1,"1":14,"2":14,"3":14,"4":14,"5":1,"6":7,"7":7,"8":7,"9":7,"10":7},"f":{"0":14,"1":7},"b":{"0":[1]},"_coverageSchema":"1a1c01bbd47fc00a2c39e90264f33305004495a9","hash":"a1100be0d01e388534fb4986c1058b2b0a21ce95"}
,"/root/frontend-project-46/src/parsers.js": {"path":"/root/frontend-project-46/src/parsers.js","statementMap":{"0":{"start":{"line":3,"column":14},"end":{"line":12,"column":1}},"1":{"start":{"line":4,"column":2},"end":{"line":11,"column":3}},"2":{"start":{"line":6,"column":6},"end":{"line":6,"column":30}},"3":{"start":{"line":8,"column":6},"end":{"line":8,"column":29}},"4":{"start":{"line":10,"column":6},"end":{"line":10,"column":59}}},"fnMap":{"0":{"name":"(anonymous_0)","decl":{"start":{"line":3,"column":14},"end":{"line":3,"column":15}},"loc":{"start":{"line":3,"column":32},"end":{"line":12,"column":1}},"line":3}},"branchMap":{"0":{"loc":{"start":{"line":4,"column":2},"end":{"line":11,"column":3}},"type":"switch","locations":[{"start":{"line":5,"column":4},"end":{"line":6,"column":30}},{"start":{"line":7,"column":4},"end":{"line":8,"column":29}},{"start":{"line":9,"column":4},"end":{"line":10,"column":59}}],"line":4},"1":{"loc":{"start":{"line":7,"column":9},"end":{"line":7,"column":24}},"type":"binary-expr","locations":[{"start":{"line":7,"column":9},"end":{"line":7,"column":14}},{"start":{"line":7,"column":18},"end":{"line":7,"column":24}}],"line":7}},"s":{"0":1,"1":14,"2":8,"3":6,"4":0},"f":{"0":14},"b":{"0":[8,6,0],"1":[6,0]},"_coverageSchema":"1a1c01bbd47fc00a2c39e90264f33305004495a9","hash":"70ec4cea17e3aecdbcbe66b5cc0cd32dfd515df9"}
,"/root/frontend-project-46/src/readFile.js": {"path":"/root/frontend-project-46/src/readFile.js","statementMap":{"0":{"start":{"line":4,"column":20},"end":{"line":4,"column":71}},"1":{"start":{"line":4,"column":34},"end":{"line":4,"column":71}},"2":{"start":{"line":5,"column":17},"end":{"line":5,"column":78}},"3":{"start":{"line":5,"column":31},"end":{"line":5,"column":78}}},"fnMap":{"0":{"name":"(anonymous_0)","decl":{"start":{"line":4,"column":20},"end":{"line":4,"column":21}},"loc":{"start":{"line":4,"column":34},"end":{"line":4,"column":71}},"line":4},"1":{"name":"(anonymous_1)","decl":{"start":{"line":5,"column":17},"end":{"line":5,"column":18}},"loc":{"start":{"line":5,"column":31},"end":{"line":5,"column":78}},"line":5}},"branchMap":{},"s":{"0":1,"1":14,"2":1,"3":14},"f":{"0":14,"1":14},"b":{},"_coverageSchema":"1a1c01bbd47fc00a2c39e90264f33305004495a9","hash":"b19ad9cc54ea47e7ef7c74f8a4121a361a735624"}
,"/root/frontend-project-46/src/treeDiff.js": {"path":"/root/frontend-project-46/src/treeDiff.js","statementMap":{"0":{"start":{"line":3,"column":17},"end":{"line":27,"column":1}},"1":{"start":{"line":4,"column":15},"end":{"line":4,"column":32}},"2":{"start":{"line":5,"column":15},"end":{"line":5,"column":32}},"3":{"start":{"line":7,"column":19},"end":{"line":7,"column":38}},"4":{"start":{"line":8,"column":21},"end":{"line":8,"column":39}},"5":{"start":{"line":10,"column":2},"end":{"line":26,"column":5}},"6":{"start":{"line":11,"column":4},"end":{"line":13,"column":5}},"7":{"start":{"line":12,"column":6},"end":{"line":12,"column":62}},"8":{"start":{"line":14,"column":4},"end":{"line":16,"column":5}},"9":{"start":{"line":15,"column":6},"end":{"line":15,"column":64}},"10":{"start":{"line":17,"column":4},"end":{"line":19,"column":5}},"11":{"start":{"line":18,"column":6},"end":{"line":18,"column":87}},"12":{"start":{"line":20,"column":4},"end":{"line":24,"column":5}},"13":{"start":{"line":21,"column":6},"end":{"line":23,"column":8}},"14":{"start":{"line":25,"column":4},"end":{"line":25,"column":64}}},"fnMap":{"0":{"name":"(anonymous_0)","decl":{"start":{"line":3,"column":17},"end":{"line":3,"column":18}},"loc":{"start":{"line":3,"column":33},"end":{"line":27,"column":1}},"line":3},"1":{"name":"(anonymous_1)","decl":{"start":{"line":10,"column":24},"end":{"line":10,"column":25}},"loc":{"start":{"line":10,"column":33},"end":{"line":26,"column":3}},"line":10}},"branchMap":{"0":{"loc":{"start":{"line":11,"column":4},"end":{"line":13,"column":5}},"type":"if","locations":[{"start":{"line":11,"column":4},"end":{"line":13,"column":5}},{"start":{},"end":{}}],"line":11},"1":{"loc":{"start":{"line":14,"column":4},"end":{"line":16,"column":5}},"type":"if","locations":[{"start":{"line":14,"column":4},"end":{"line":16,"column":5}},{"start":{},"end":{}}],"line":14},"2":{"loc":{"start":{"line":17,"column":4},"end":{"line":19,"column":5}},"type":"if","locations":[{"start":{"line":17,"column":4},"end":{"line":19,"column":5}},{"start":{},"end":{}}],"line":17},"3":{"loc":{"start":{"line":17,"column":8},"end":{"line":17,"column":54}},"type":"binary-expr","locations":[{"start":{"line":17,"column":8},"end":{"line":17,"column":29}},{"start":{"line":17,"column":33},"end":{"line":17,"column":54}}],"line":17},"4":{"loc":{"start":{"line":20,"column":4},"end":{"line":24,"column":5}},"type":"if","locations":[{"start":{"line":20,"column":4},"end":{"line":24,"column":5}},{"start":{},"end":{}}],"line":20}},"s":{"0":1,"1":35,"2":35,"3":35,"4":35,"5":35,"6":126,"7":35,"8":91,"9":14,"10":77,"11":28,"12":49,"13":28,"14":21},"f":{"0":35,"1":126},"b":{"0":[35,91],"1":[14,77],"2":[28,49],"3":[77,35],"4":[28,21]},"_coverageSchema":"1a1c01bbd47fc00a2c39e90264f33305004495a9","hash":"3f03dbc4fb879e710c4aa7e421f0d13974214631"}
,"/root/frontend-project-46/src/formatters/index.js": {"path":"/root/frontend-project-46/src/formatters/index.js","statementMap":{"0":{"start":{"line":4,"column":17},"end":{"line":15,"column":1}},"1":{"start":{"line":5,"column":2},"end":{"line":14,"column":3}},"2":{"start":{"line":7,"column":6},"end":{"line":7,"column":33}},"3":{"start":{"line":9,"column":6},"end":{"line":9,"column":31}},"4":{"start":{"line":11,"column":6},"end":{"line":11,"column":40}},"5":{"start":{"line":13,"column":6},"end":{"line":13,"column":133}}},"fnMap":{"0":{"name":"(anonymous_0)","decl":{"start":{"line":4,"column":17},"end":{"line":4,"column":18}},"loc":{"start":{"line":4,"column":45},"end":{"line":15,"column":1}},"line":4}},"branchMap":{"0":{"loc":{"start":{"line":5,"column":2},"end":{"line":14,"column":3}},"type":"switch","locations":[{"start":{"line":6,"column":4},"end":{"line":7,"column":33}},{"start":{"line":8,"column":4},"end":{"line":9,"column":31}},{"start":{"line":10,"column":4},"end":{"line":11,"column":40}},{"start":{"line":12,"column":4},"end":{"line":13,"column":133}}],"line":5}},"s":{"0":1,"1":7,"2":3,"3":2,"4":2,"5":0},"f":{"0":7},"b":{"0":[3,2,2,0]},"_coverageSchema":"1a1c01bbd47fc00a2c39e90264f33305004495a9","hash":"51df64c6545a6b0c861408ad81a039ce105d17cd"}
,"/root/frontend-project-46/src/formatters/plain.js": {"path":"/root/frontend-project-46/src/formatters/plain.js","statementMap":{"0":{"start":{"line":3,"column":18},"end":{"line":11,"column":1}},"1":{"start":{"line":4,"column":2},"end":{"line":6,"column":3}},"2":{"start":{"line":5,"column":4},"end":{"line":5,"column":29}},"3":{"start":{"line":7,"column":2},"end":{"line":9,"column":3}},"4":{"start":{"line":8,"column":4},"end":{"line":8,"column":24}},"5":{"start":{"line":10,"column":2},"end":{"line":10,"column":23}},"6":{"start":{"line":13,"column":16},"end":{"line":13,"column":65}},"7":{"start":{"line":13,"column":36},"end":{"line":13,"column":65}},"8":{"start":{"line":14,"column":14},"end":{"line":36,"column":1}},"9":{"start":{"line":15,"column":15},"end":{"line":34,"column":4}},"10":{"start":{"line":15,"column":35},"end":{"line":34,"column":4}},"11":{"start":{"line":18,"column":8},"end":{"line":18,"column":12}},"12":{"start":{"line":20,"column":4},"end":{"line":33,"column":5}},"13":{"start":{"line":22,"column":8},"end":{"line":22,"column":96}},"14":{"start":{"line":24,"column":8},"end":{"line":24,"column":66}},"15":{"start":{"line":26,"column":8},"end":{"line":26,"column":121}},"16":{"start":{"line":28,"column":8},"end":{"line":28,"column":18}},"17":{"start":{"line":30,"column":8},"end":{"line":30,"column":56}},"18":{"start":{"line":32,"column":8},"end":{"line":32,"column":57}},"19":{"start":{"line":35,"column":2},"end":{"line":35,"column":35}}},"fnMap":{"0":{"name":"(anonymous_0)","decl":{"start":{"line":3,"column":18},"end":{"line":3,"column":19}},"loc":{"start":{"line":3,"column":29},"end":{"line":11,"column":1}},"line":3},"1":{"name":"(anonymous_1)","decl":{"start":{"line":13,"column":16},"end":{"line":13,"column":17}},"loc":{"start":{"line":13,"column":36},"end":{"line":13,"column":65}},"line":13},"2":{"name":"(anonymous_2)","decl":{"start":{"line":14,"column":14},"end":{"line":14,"column":15}},"loc":{"start":{"line":14,"column":24},"end":{"line":36,"column":1}},"line":14},"3":{"name":"(anonymous_3)","decl":{"start":{"line":15,"column":15},"end":{"line":15,"column":16}},"loc":{"start":{"line":15,"column":35},"end":{"line":34,"column":4}},"line":15},"4":{"name":"(anonymous_4)","decl":{"start":{"line":15,"column":48},"end":{"line":15,"column":49}},"loc":{"start":{"line":15,"column":58},"end":{"line":34,"column":3}},"line":15}},"branchMap":{"0":{"loc":{"start":{"line":4,"column":2},"end":{"line":6,"column":3}},"type":"if","locations":[{"start":{"line":4,"column":2},"end":{"line":6,"column":3}},{"start":{},"end":{}}],"line":4},"1":{"loc":{"start":{"line":7,"column":2},"end":{"line":9,"column":3}},"type":"if","locations":[{"start":{"line":7,"column":2},"end":{"line":9,"column":3}},{"start":{},"end":{}}],"line":7},"2":{"loc":{"start":{"line":20,"column":4},"end":{"line":33,"column":5}},"type":"switch","locations":[{"start":{"line":21,"column":6},"end":{"line":22,"column":96}},{"start":{"line":23,"column":6},"end":{"line":24,"column":66}},{"start":{"line":25,"column":6},"end":{"line":26,"column":121}},{"start":{"line":27,"column":6},"end":{"line":28,"column":18}},{"start":{"line":29,"column":6},"end":{"line":30,"column":56}},{"start":{"line":31,"column":6},"end":{"line":32,"column":57}}],"line":20}},"s":{"0":1,"1":26,"2":6,"3":20,"4":14,"5":6,"6":1,"7":30,"8":1,"9":2,"10":10,"11":36,"12":36,"13":10,"14":4,"15":8,"16":6,"17":8,"18":0,"19":2},"f":{"0":26,"1":30,"2":2,"3":10,"4":36},"b":{"0":[6,20],"1":[14,6],"2":[10,4,8,6,8,0]},"_coverageSchema":"1a1c01bbd47fc00a2c39e90264f33305004495a9","hash":"8674385025f97216076985b3225371130f7e8509"}
,"/root/frontend-project-46/src/formatters/stringify.js": {"path":"/root/frontend-project-46/src/formatters/stringify.js","statementMap":{"0":{"start":{"line":3,"column":15},"end":{"line":4,"column":56}},"1":{"start":{"line":4,"column":2},"end":{"line":4,"column":55}},"2":{"start":{"line":6,"column":18},"end":{"line":16,"column":1}},"3":{"start":{"line":7,"column":2},"end":{"line":9,"column":3}},"4":{"start":{"line":8,"column":4},"end":{"line":8,"column":21}},"5":{"start":{"line":11,"column":19},"end":{"line":13,"column":3}},"6":{"start":{"line":12,"column":22},"end":{"line":12,"column":84}},"7":{"start":{"line":15,"column":2},"end":{"line":15,"column":62}},"8":{"start":{"line":18,"column":13},"end":{"line":22,"column":1}},"9":{"start":{"line":24,"column":16},"end":{"line":51,"column":1}},"10":{"start":{"line":25,"column":15},"end":{"line":47,"column":4}},"11":{"start":{"line":25,"column":32},"end":{"line":47,"column":4}},"12":{"start":{"line":26,"column":21},"end":{"line":26,"column":106}},"13":{"start":{"line":26,"column":39},"end":{"line":26,"column":106}},"14":{"start":{"line":28,"column":4},"end":{"line":46,"column":5}},"15":{"start":{"line":30,"column":8},"end":{"line":30,"column":48}},"16":{"start":{"line":32,"column":8},"end":{"line":32,"column":50}},"17":{"start":{"line":34,"column":8},"end":{"line":35,"column":63}},"18":{"start":{"line":37,"column":8},"end":{"line":37,"column":52}},"19":{"start":{"line":39,"column":8},"end":{"line":43,"column":23}},"20":{"start":{"line":45,"column":8},"end":{"line":45,"column":57}},"21":{"start":{"line":49,"column":22},"end":{"line":49,"column":35}},"22":{"start":{"line":50,"column":2},"end":{"line":50,"column":47}}},"fnMap":{"0":{"name":"(anonymous_0)","decl":{"start":{"line":3,"column":15},"end":{"line":3,"column":16}},"loc":{"start":{"line":4,"column":2},"end":{"line":4,"column":55}},"line":4},"1":{"name":"(anonymous_1)","decl":{"start":{"line":6,"column":18},"end":{"line":6,"column":19}},"loc":{"start":{"line":6,"column":35},"end":{"line":16,"column":1}},"line":6},"2":{"name":"(anonymous_2)","decl":{"start":{"line":12,"column":4},"end":{"line":12,"column":5}},"loc":{"start":{"line":12,"column":22},"end":{"line":12,"column":84}},"line":12},"3":{"name":"(anonymous_3)","decl":{"start":{"line":24,"column":16},"end":{"line":24,"column":17}},"loc":{"start":{"line":24,"column":26},"end":{"line":51,"column":1}},"line":24},"4":{"name":"(anonymous_4)","decl":{"start":{"line":25,"column":15},"end":{"line":25,"column":16}},"loc":{"start":{"line":25,"column":32},"end":{"line":47,"column":4}},"line":25},"5":{"name":"(anonymous_5)","decl":{"start":{"line":25,"column":41},"end":{"line":25,"column":42}},"loc":{"start":{"line":25,"column":51},"end":{"line":47,"column":3}},"line":25},"6":{"name":"(anonymous_6)","decl":{"start":{"line":26,"column":21},"end":{"line":26,"column":22}},"loc":{"start":{"line":26,"column":39},"end":{"line":26,"column":106}},"line":26}},"branchMap":{"0":{"loc":{"start":{"line":3,"column":23},"end":{"line":3,"column":37}},"type":"default-arg","locations":[{"start":{"line":3,"column":34},"end":{"line":3,"column":37}}],"line":3},"1":{"loc":{"start":{"line":3,"column":39},"end":{"line":3,"column":53}},"type":"default-arg","locations":[{"start":{"line":3,"column":52},"end":{"line":3,"column":53}}],"line":3},"2":{"loc":{"start":{"line":3,"column":55},"end":{"line":3,"column":69}},"type":"default-arg","locations":[{"start":{"line":3,"column":68},"end":{"line":3,"column":69}}],"line":3},"3":{"loc":{"start":{"line":7,"column":2},"end":{"line":9,"column":3}},"type":"if","locations":[{"start":{"line":7,"column":2},"end":{"line":9,"column":3}},{"start":{},"end":{}}],"line":7},"4":{"loc":{"start":{"line":28,"column":4},"end":{"line":46,"column":5}},"type":"switch","locations":[{"start":{"line":29,"column":6},"end":{"line":30,"column":48}},{"start":{"line":31,"column":6},"end":{"line":32,"column":50}},{"start":{"line":33,"column":6},"end":{"line":35,"column":63}},{"start":{"line":36,"column":6},"end":{"line":37,"column":52}},{"start":{"line":38,"column":6},"end":{"line":43,"column":23}},{"start":{"line":44,"column":6},"end":{"line":45,"column":57}}],"line":28}},"s":{"0":1,"1":126,"2":1,"3":81,"4":60,"5":21,"6":27,"7":21,"8":1,"9":1,"10":3,"11":15,"12":54,"13":54,"14":54,"15":15,"16":6,"17":12,"18":9,"19":12,"20":0,"21":3,"22":3},"f":{"0":126,"1":81,"2":27,"3":3,"4":15,"5":54,"6":54},"b":{"0":[126],"1":[126],"2":[126],"3":[60,21],"4":[15,6,12,9,12,0]},"_coverageSchema":"1a1c01bbd47fc00a2c39e90264f33305004495a9","hash":"5350ddb6d65ea4298b17d3e8f80b5e94e1da8e4e"}
}
