TN:
SF:src/index.js
FN:7,(anonymous_0)
FN:16,(anonymous_1)
FNF:2
FNH:2
FNDA:14,(anonymous_0)
FNDA:7,(anonymous_1)
DA:7,1
DA:8,14
DA:9,14
DA:11,14
DA:13,14
DA:16,1
DA:17,7
DA:18,7
DA:20,7
DA:21,7
DA:23,7
LF:11
LH:11
BRDA:16,0,0,1
BRF:1
BRH:1
end_of_record
TN:
SF:src/parsers.js
FN:3,(anonymous_0)
FNF:1
FNH:1
FNDA:14,(anonymous_0)
DA:3,1
DA:4,14
DA:6,8
DA:8,6
DA:10,0
LF:5
LH:4
BRDA:4,0,0,8
BRDA:4,0,1,6
BRDA:4,0,2,0
BRDA:7,1,0,6
BRDA:7,1,1,0
BRF:5
BRH:3
end_of_record
TN:
SF:src/readFile.js
FN:4,(anonymous_0)
FN:5,(anonymous_1)
FNF:2
FNH:2
FNDA:14,(anonymous_0)
FNDA:14,(anonymous_1)
DA:4,14
DA:5,14
LF:2
LH:2
BRF:0
BRH:0
end_of_record
TN:
SF:src/treeDiff.js
FN:3,(anonymous_0)
FN:10,(anonymous_1)
FNF:2
FNH:2
FNDA:35,(anonymous_0)
FNDA:126,(anonymous_1)
DA:3,1
DA:4,35
DA:5,35
DA:7,35
DA:8,35
DA:10,35
DA:11,126
DA:12,35
DA:14,91
DA:15,14
DA:17,77
DA:18,28
DA:20,49
DA:21,28
DA:25,21
LF:15
LH:15
BRDA:11,0,0,35
BRDA:11,0,1,91
BRDA:14,1,0,14
BRDA:14,1,1,77
BRDA:17,2,0,28
BRDA:17,2,1,49
BRDA:17,3,0,77
BRDA:17,3,1,35
BRDA:20,4,0,28
BRDA:20,4,1,21
BRF:10
BRH:10
end_of_record
TN:
SF:src/formatters/index.js
FN:4,(anonymous_0)
FNF:1
FNH:1
FNDA:7,(anonymous_0)
DA:4,1
DA:5,7
DA:7,3
DA:9,2
DA:11,2
DA:13,0
LF:6
LH:5
BRDA:5,0,0,3
BRDA:5,0,1,2
BRDA:5,0,2,2
BRDA:5,0,3,0
BRF:4
BRH:3
end_of_record
TN:
SF:src/formatters/plain.js
FN:3,(anonymous_0)
FN:13,(anonymous_1)
FN:14,(anonymous_2)
FN:15,(anonymous_3)
FN:15,(anonymous_4)
FNF:5
FNH:5
FNDA:26,(anonymous_0)
FNDA:30,(anonymous_1)
FNDA:2,(anonymous_2)
FNDA:10,(anonymous_3)
FNDA:36,(anonymous_4)
DA:3,1
DA:4,26
DA:5,6
DA:7,20
DA:8,14
DA:10,6
DA:13,30
DA:14,1
DA:15,10
DA:18,36
DA:20,36
DA:22,10
DA:24,4
DA:26,8
DA:28,6
DA:30,8
DA:32,0
DA:35,2
LF:18
LH:17
BRDA:4,0,0,6
BRDA:4,0,1,20
BRDA:7,1,0,14
BRDA:7,1,1,6
BRDA:20,2,0,10
BRDA:20,2,1,4
BRDA:20,2,2,8
BRDA:20,2,3,6
BRDA:20,2,4,8
BRDA:20,2,5,0
BRF:10
BRH:9
end_of_record
TN:
SF:src/formatters/stringify.js
FN:3,(anonymous_0)
FN:6,(anonymous_1)
FN:12,(anonymous_2)
FN:24,(anonymous_3)
FN:25,(anonymous_4)
FN:25,(anonymous_5)
FN:26,(anonymous_6)
FNF:7
FNH:7
FNDA:126,(anonymous_0)
FNDA:81,(anonymous_1)
FNDA:27,(anonymous_2)
FNDA:3,(anonymous_3)
FNDA:15,(anonymous_4)
FNDA:54,(anonymous_5)
FNDA:54,(anonymous_6)
DA:3,1
DA:4,126
DA:6,1
DA:7,81
DA:8,60
DA:11,21
DA:12,27
DA:15,21
DA:18,1
DA:24,1
DA:25,15
DA:26,54
DA:29,54
DA:31,54
DA:33,15
DA:35,6
DA:37,12
DA:40,9
DA:42,12
DA:48,0
DA:52,3
DA:53,3
LF:22
LH:21
BRDA:3,0,0,126
BRDA:3,1,0,126
BRDA:3,2,0,126
BRDA:7,3,0,60
BRDA:7,3,1,21
BRDA:31,4,0,15
BRDA:31,4,1,6
BRDA:31,4,2,12
BRDA:31,4,3,9
BRDA:31,4,4,12
BRDA:31,4,5,0
BRF:11
BRH:10
end_of_record
