TN:
SF:src/chowDiff.js
FN:3,(anonymous_0)
FN:10,(anonymous_1)
FNF:2
FNH:2
FNDA:5,(anonymous_0)
FNDA:18,(anonymous_1)
DA:3,1
DA:4,5
DA:5,5
DA:7,5
DA:8,5
DA:10,5
DA:11,18
DA:12,5
DA:14,13
DA:15,2
DA:17,11
DA:18,4
DA:20,7
DA:21,4
DA:25,3
LF:15
LH:15
BRDA:11,0,0,5
BRDA:11,0,1,13
BRDA:14,1,0,2
BRDA:14,1,1,11
BRDA:17,2,0,4
BRDA:17,2,1,7
BRDA:17,3,0,11
BRDA:17,3,1,5
BRDA:20,4,0,4
BRDA:20,4,1,3
BRF:10
BRH:10
end_of_record
TN:
SF:src/index.js
FN:7,(anonymous_0)
FNF:1
FNH:1
FNDA:1,(anonymous_0)
DA:7,1
DA:8,1
DA:9,1
DA:11,1
DA:12,1
DA:14,1
LF:6
LH:6
BRF:0
BRH:0
end_of_record
TN:
SF:src/seeFile.js
FN:4,(anonymous_0)
FN:5,(anonymous_1)
FNF:2
FNH:2
FNDA:2,(anonymous_0)
FNDA:2,(anonymous_1)
DA:4,2
DA:5,2
LF:2
LH:2
BRF:0
BRH:0
end_of_record
TN:
SF:src/stringify.js
FN:3,(anonymous_0)
FN:6,(anonymous_1)
FN:12,(anonymous_2)
FN:18,(anonymous_3)
FN:19,(anonymous_4)
FN:19,(anonymous_5)
FN:20,(anonymous_6)
FNF:7
FNH:7
FNDA:42,(anonymous_0)
FNDA:27,(anonymous_1)
FNDA:9,(anonymous_2)
FNDA:1,(anonymous_3)
FNDA:5,(anonymous_4)
FNDA:18,(anonymous_5)
FNDA:18,(anonymous_6)
DA:3,1
DA:4,42
DA:6,1
DA:7,27
DA:8,20
DA:11,7
DA:12,9
DA:15,7
DA:18,1
DA:19,5
DA:20,18
DA:22,18
DA:28,18
DA:30,5
DA:32,2
DA:34,4
DA:37,3
DA:39,4
DA:45,0
DA:49,1
DA:50,1
LF:21
LH:20
BRDA:3,0,0,42
BRDA:3,1,0,42
BRDA:3,2,0,42
BRDA:7,3,0,20
BRDA:7,3,1,7
BRDA:28,4,0,5
BRDA:28,4,1,2
BRDA:28,4,2,4
BRDA:28,4,3,3
BRDA:28,4,4,4
BRDA:28,4,5,0
BRF:11
BRH:10
end_of_record
